       1   0.14846969E-02   0.14196773E-03       59       59   0.99999999       0.79178440    
      10   0.14275243E-04   0.13347723E-05       55      580   0.35739039E-01   0.65914448E-01
      20   0.61814268E-05   0.58064041E-06       34     1049   0.17723402E-01   0.33923802E-01
      30   0.39312820E-05   0.33438184E-06       35     1389   0.11749584E-01   0.22770805E-01
      40   0.32393024E-05   0.31516923E-06       41     1769   0.87272476E-02   0.16951563E-01
      50   0.30836028E-05   0.30758002E-06       43     2201   0.68903249E-02   0.13342256E-01
      60   0.32521890E-05   0.30607762E-06       44     2639   0.56498613E-02   0.10872635E-01
      70   0.35402437E-05   0.35326967E-06       42     3050   0.47535119E-02   0.90730375E-02
      80   0.43305397E-05   0.43017709E-06       34     3405   0.40768699E-02   0.77068243E-02
      90   0.54626543E-05   0.52167672E-06       31     3734   0.35454909E-02   0.66330970E-02
     100   0.56720000E-05   0.53943960E-06       30     4047   0.31169448E-02   0.57690811E-02
     110   0.57193669E-05   0.51585151E-06       31     4352   0.27656355E-02   0.50625696E-02
     120   0.65888767E-05   0.59323157E-06       30     4645   0.24710594E-02   0.44745774E-02
     130   0.73399449E-05   0.67311964E-06       28     4924   0.22191333E-02   0.39785930E-02
     140   0.79600818E-05   0.71959777E-06       27     5203   0.20038764E-02   0.35579780E-02
     150   0.77603072E-05   0.74227126E-06       27     5483   0.18166009E-02   0.31969012E-02
     160   0.73647548E-05   0.73527750E-06       27     5758   0.16522765E-02   0.28846258E-02
     170   0.74277184E-05   0.69983140E-06       27     6029   0.15066769E-02   0.26124640E-02
     180   0.75655052E-05   0.73422477E-06       27     6287   0.13770092E-02   0.23738909E-02
     190   0.72750090E-05   0.68635993E-06       28     6551   0.12609271E-02   0.21636179E-02
     200   0.74600608E-05   0.73971808E-06       25     6807   0.11563373E-02   0.19770895E-02
     210   0.77938278E-05   0.77848234E-06       24     7065   0.10628298E-02   0.18116406E-02
     220   0.74244508E-05   0.67168639E-06       26     7318   0.97829061E-03   0.16638321E-02
     230   0.68295615E-05   0.62329250E-06       25     7571   0.90122839E-03   0.15306749E-02
     240   0.69202324E-05   0.62624398E-06       25     7819   0.83109885E-03   0.14107632E-02
     250   0.65286777E-05   0.63798293E-06       24     8068   0.76712106E-03   0.13022036E-02
     260   0.60177381E-05   0.56352188E-06       25     8317   0.70875870E-03   0.12038118E-02
     270   0.52308717E-05   0.51494065E-06       25     8568   0.65533643E-03   0.11142027E-02
     280   0.53383701E-05   0.51435396E-06       25     8817   0.60644063E-03   0.10325581E-02
     290   0.50279225E-05   0.39121389E-06       26     9068   0.56152960E-03   0.95784317E-03
     300   0.45595121E-05   0.43388092E-06       25     9320   0.51993783E-03   0.88912069E-03
     310   0.51155432E-05   0.46937178E-06       25     9571   0.48244942E-03   0.82656544E-03
     320   0.41209385E-05   0.32904660E-06       26     9827   0.44803233E-03   0.76908759E-03
     330   0.43396051E-05   0.37882566E-06       25    10079   0.41617677E-03   0.71604463E-03
     340   0.36417925E-05   0.30397459E-06       26    10335   0.38683620E-03   0.66713581E-03
     350   0.29470674E-05   0.26424911E-06       27    10591   0.35979958E-03   0.62197944E-03
     360   0.34047349E-05   0.32171218E-06       25    10847   0.33484900E-03   0.58024561E-03
     370   0.30641971E-05   0.28957035E-06       25    11102   0.31183178E-03   0.54162834E-03
     380   0.26434361E-05   0.25357584E-06       26    11361   0.29058358E-03   0.50586943E-03
     390   0.26136327E-05   0.20560814E-06       26    11622   0.27092648E-03   0.47270831E-03
     400   0.24457490E-05   0.22410280E-06       27    11886   0.25275436E-03   0.44193791E-03
     410   0.21969167E-05   0.21826161E-06       32    12155   0.23593666E-03   0.41334616E-03
     420   0.20185423E-05   0.18536602E-06       19    12414   0.22030072E-03   0.38677944E-03
     430   0.17434083E-05   0.16700067E-06       29    12808   0.20584729E-03   0.36205583E-03
     440   0.19547480E-05   0.19087618E-06       25    13062   0.19238034E-03   0.33902149E-03
     450   0.13857597E-05   0.13551808E-06       29    13448   0.17992799E-03   0.31757749E-03
     460   0.15694169E-05   0.14901342E-06       27    13697   0.16829188E-03   0.29756782E-03
     470   0.11430659E-05   0.11093254E-06       27    14099   0.15751124E-03   0.27889676E-03
     480   0.12415566E-05   0.11839690E-06       19    14353   0.14743832E-03   0.26147041E-03
     490   0.12259853E-05   0.10382638E-06       20    14616   0.13806632E-03   0.24520776E-03
     500   0.11499170E-05   0.98828079E-07       27    15002   0.12934057E-03   0.23000160E-03
     510   0.84233431E-06   0.83228868E-07       17    15394   0.12119934E-03   0.21577258E-03
     520   0.87285434E-06   0.83070921E-07       21    15638   0.11356296E-03   0.20246001E-03
     530   0.89261849E-06   0.89077002E-07       32    15906   0.10646550E-03   0.19001400E-03
     540   0.91939210E-06   0.90363863E-07       26    16161   0.99800502E-04   0.17834881E-03
     550   0.75705804E-06   0.72840876E-07       27    16549   0.93595862E-04   0.16743738E-03
     560   0.75907068E-06   0.70610030E-07       21    16808   0.87791569E-04   0.15721105E-03
     570   0.57408613E-06   0.56791028E-07       27    17209   0.82350883E-04   0.14761508E-03
     580   0.64000202E-06   0.62113946E-07       19    17444   0.77269473E-04   0.13862944E-03
     590   0.52836835E-06   0.52095518E-07       23    17856   0.72505548E-04   0.13020411E-03
     600   0.51155865E-06   0.50556322E-07       31    18103   0.68036034E-04   0.12229398E-03
     610   0.55340259E-06   0.54909978E-07       23    18359   0.63839108E-04   0.11486752E-03
     620   0.40182954E-06   0.35167432E-07       20    18759   0.59937724E-04   0.10791299E-03
     630   0.46562155E-06   0.43930596E-07       21    19150   0.56249833E-04   0.10137486E-03
     640   0.44860265E-06   0.41465532E-07       28    19392   0.52805473E-04   0.95238024E-04
     650   0.40379895E-06   0.39436875E-07       24    19638   0.49577255E-04   0.89477887E-04
     660   0.31269396E-06   0.25884440E-07       17    20042   0.46555404E-04   0.84069722E-04
     670   0.35149501E-06   0.34904288E-07      161    20421   0.43976573E-04   0.79137425E-04
     680   0.31536805E-06   0.30638543E-07       21    20678   0.41030816E-04   0.74210205E-04
     690   0.32852408E-06   0.32699263E-07       35    20937   0.38521843E-04   0.69724214E-04
     700   0.24467417E-06   0.23642240E-07       29    21328   0.36167364E-04   0.65511131E-04
     710   0.22125758E-06   0.21814253E-07       25    21726   0.33961353E-04   0.61551822E-04
     720   0.26003680E-06   0.25399489E-07       25    21966   0.31892374E-04   0.57836929E-04
     730   0.26232552E-06   0.23905514E-07       22    22221   0.29945383E-04   0.54340706E-04
     740   0.22229847E-06   0.20946155E-07      162    22604   0.28272522E-04   0.51139208E-04
     750   0.20836708E-06   0.20436991E-07       23    22865   0.26404479E-04   0.47970567E-04
     760   0.16501515E-06   0.15852975E-07       22    23267   0.24801615E-04   0.45072322E-04
     770   0.18589315E-06   0.17676762E-07       23    23508   0.23286515E-04   0.42348015E-04
     780   0.14146941E-06   0.13576498E-07       23    23916   0.21866911E-04   0.39791248E-04
     790   0.15516777E-06   0.14122235E-07       30    24171   0.20538325E-04   0.37382449E-04
     800   0.15597891E-06   0.15405455E-07       19    24435   0.19287420E-04   0.35119902E-04
     810   0.13835233E-06   0.12507970E-07       22    24710   0.18110770E-04   0.32994763E-04
     820   0.12713575E-06   0.12246058E-07      161    25121   0.17107082E-04   0.31052723E-04
     830   0.12162753E-06   0.11108488E-07       27    25386   0.15972136E-04   0.29122423E-04
     840   0.11869963E-06   0.10776834E-07       21    25629   0.15000837E-04   0.27358635E-04
     850   0.12148545E-06   0.10703712E-07       22    25879   0.14083330E-04   0.25699910E-04
     860   0.84878681E-07   0.83741637E-08       30    26285   0.13226281E-04   0.24142824E-04
     870   0.91613073E-07   0.89779970E-08       22    26678   0.12420714E-04   0.22680015E-04
     880   0.77626145E-07   0.69337314E-08       15    27063   0.11667428E-04   0.21306129E-04
     890   0.78216850E-07   0.77397291E-08       28    27312   0.10953209E-04   0.20013071E-04
     900   0.78770178E-07   0.75749397E-08       21    27555   0.10287122E-04   0.18799153E-04
     910   0.83004001E-07   0.76122171E-08       23    27800   0.96579994E-05   0.17657671E-04
     920   0.69933951E-07   0.67491391E-08       32    28053   0.90711680E-05   0.16586690E-04
     930   0.53313190E-07   0.52878892E-08       25    28455   0.85169437E-05   0.15578693E-04
     940   0.62048523E-07   0.60168911E-08       25    28696   0.79984032E-05   0.14633559E-04
     950   0.60855273E-07   0.55836278E-08       29    28957   0.75115088E-05   0.13745099E-04
     960   0.53407981E-07   0.48592114E-08       22    29210   0.70536862E-05   0.12909757E-04
     970   0.50636077E-07   0.47278244E-08       22    29609   0.66220596E-05   0.12124256E-04
     980   0.39811754E-07   0.38484130E-08       22    30015   0.62196308E-05   0.11387386E-04
     990   0.46134213E-07   0.44163502E-08       23    30256   0.58392693E-05   0.10695127E-04
    1000   0.35658742E-07   0.32262886E-08       29    30669   0.54836521E-05   0.10044952E-04
    1010   0.38023966E-07   0.36260017E-08       21    30911   0.51497093E-05   0.94337982E-05
    1020   0.31641764E-07   0.29759781E-08       22    31315   0.48352646E-05   0.88595883E-05
    1030   0.35393871E-07   0.35283517E-08       22    31556   0.45396950E-05   0.83205011E-05
    1040   0.30634248E-07   0.29309162E-08      163    31943   0.42785605E-05   0.78229058E-05
    1050   0.25679617E-07   0.25314157E-08       28    32207   0.40031296E-05   0.73384473E-05
    1060   0.29722798E-07   0.27971866E-08       27    32480   0.37587519E-05   0.68916219E-05
    1070   0.24290302E-07   0.20041170E-08       23    32894   0.35288878E-05   0.64716447E-05
    1080   0.24769865E-07   0.24635497E-08       27    33136   0.33141387E-05   0.60780167E-05
    1090   0.23388496E-07   0.22432743E-08       22    33381   0.31122564E-05   0.57076659E-05
    1100   0.19296629E-07   0.17403776E-08       23    33782   0.29220009E-05   0.53601329E-05
    1110   0.18900531E-07   0.18663808E-08       32    34040   0.27437002E-05   0.50333325E-05
    1120   0.16219161E-07   0.15828281E-08       20    34439   0.25763850E-05   0.47259903E-05
    1130   0.18248471E-07   0.17749975E-08       23    34687   0.24190315E-05   0.44384329E-05
    1140   0.17244007E-07   0.17145750E-08       21    34943   0.22715828E-05   0.41679607E-05
    1150   0.14475670E-07   0.12412408E-08       23    35347   0.21326688E-05   0.39140022E-05
    1160   0.13082401E-07   0.11364303E-08       29    35753   0.20021954E-05   0.36750163E-05
    1170   0.13060619E-07   0.12321262E-08       24    35989   0.18804009E-05   0.34511275E-05
    1180   0.13338191E-07   0.13122713E-08       27    36244   0.17654646E-05   0.32407123E-05
    1190   0.10036552E-07   0.93651046E-09       22    36645   0.16580455E-05   0.30431411E-05
    1200   0.12772596E-07   0.12545665E-08       22    36889   0.15562163E-05   0.28572570E-05
    1210   0.10246305E-07   0.86874805E-09      164    37273   0.14676895E-05   0.26866017E-05
    1220   0.94132073E-08   0.85419497E-09       27    37535   0.13723012E-05   0.25195001E-05
    1230   0.97157070E-08   0.91635080E-09       22    37793   0.12885479E-05   0.23657492E-05
    1240   0.80935186E-08   0.76709511E-09       28    38187   0.12096732E-05   0.22213291E-05
    1250   0.87959762E-08   0.76253915E-09       21    38435   0.11359531E-05   0.20857729E-05
    1260   0.82046993E-08   0.79507970E-09       24    38685   0.10663835E-05   0.19584663E-05
    1270   0.74098910E-08   0.73336713E-09       31    38954   0.10013374E-05   0.18389819E-05
    1280   0.72248409E-08   0.66806658E-09       22    39222   0.94022143E-06   0.17267168E-05
